dejavu-sans-mono-fonts-2.30-2.el6.noarch
libXxf86dga-1.1.1-1.el6.i686
gmp-4.3.1-7.el6_2.2.i686
mozilla-filesystem-1.9-5.1.el6.i686
brasero-2.28.3-6.el6.i686
firefox-10.0.10-1.el6_3.i686
eggdbus-0.6-3.el6.i686
python-iniparse-0.3.1-2.1.el6.noarch
metacity-2.28.0-23.el6.i686
smc-fonts-common-04.2-11.el6.noarch
wacomexpresskeys-0.4.2-3.el6.i686
libopenraw-0.0.5-4.1.el6.i686
epel-release-6-7.noarch
net-tools-1.60-110.el6_2.i686
mobile-broadband-provider-info-1.20100122-1.el6.noarch
gnome-applets-2.28.0-7.el6.i686
libicu-4.2.1-9.1.el6_2.i686
dkms-2.2.0.3-2.el6.noarch
librsvg2-2.26.0-5.el6_1.1.i686
yum-conf-livecd-extra-6-1.noarch
gnome-disk-utility-2.30.1-2.el6.i686
vpnc-0.5.3-4.el6.i686
ppl-0.10.2-11.el6.i686
db4-utils-4.7.25-17.el6.i686
cracklib-2.8.16-4.el6.i686
system-config-date-1.9.60-1.el6.noarch
pcre-7.8-4.el6.i686
ipw2100-firmware-1.3-11.el6.noarch
mythes-en-3.0-6.el6.noarch
gnome-python2-extras-2.25.3-20.el6.i686
redhat-logos-60.0.14-2.sl6.5.noarch
NetworkManager-pptp-0.8.0-1.git20100411.el6.i686
rasqal-0.9.15-6.1.el6.i686
libuser-0.56.13-5.el6.i686
biosdevname-0.3.11-1.el6.i686
redland-1.0.7-11.el6.i686
gvfs-obexftp-1.4.3-12.el6.i686
control-center-2.28.1-37.el6.i686
docbook-dtds-1.0-51.el6.noarch
gamin-python-0.1.10-9.el6.i686
nautilus-extensions-2.28.4-19.el6.i686
libacl-2.2.49-6.el6.i686
wget-1.12-1.4.el6.i686
libspectre-0.2.4-1.el6.i686
anaconda-yum-plugins-1.0-5.1.el6.noarch
fprintd-pam-0.1-20.git04fd09cfa.el6.i686
tcp_wrappers-libs-7.6-57.el6.i686
mlocate-0.22.2-3.el6.i686
pciutils-3.1.4-11.el6.i686
libreoffice-ure-3.4.5.2-16.1.el6_3.i686
device-mapper-1.02.74-10.el6.i686
desktop-file-utils-0.15-9.el6.i686
bc-1.06.95-1.el6.i686
fipscheck-1.2.0-7.el6.i686
libreoffice-langpack-en-3.4.5.2-16.1.el6_3.i686
pyorbit-2.24.0-5.el6.i686
dmraid-1.0.0.rc16-11.el6.i686
pygtksourceview-2.8.0-1.el6.i686
samba-common-3.5.10-125.el6.i686
pixman-0.18.4-1.el6_0.1.i686
eject-2.1.5-17.el6.i686
NetworkManager-0.8.1-33.el6.i686
gpg-pubkey-fd431d51-4ae0493b
libcacard-0.15.0-2.el6.i686
elfutils-0.152-1.el6.i686
dash-0.5.5.1-3.1.el6.i686
libevent-1.4.13-4.el6.i686
hal-libs-0.5.14-11.el6.i686
ethtool-2.6.33-0.3.el6.i686
xorg-x11-drv-void-1.4.0-1.el6.i686
python-slip-dbus-0.2.20-1.el6_2.noarch
libXrender-0.9.5-1.el6.i686
patch-2.6-6.el6.i686
sl-release-notes-6.3-2.noarch
libXt-1.0.7-1.el6.i686
libwnck-2.28.0-3.el6.i686
xorg-x11-drv-nv-2.1.18-2.el6.i686
vim-enhanced-7.2.411-1.8.el6.i686
pciutils-libs-3.1.4-11.el6.i686
libdc1394-2.1.2-3.4.el6.i686
poppler-glib-0.12.4-3.el6_0.1.i686
xmlrpc-c-client-1.16.24-1209.1840.el6.i686
lockdev-1.0.1-18.el6.i686
libfprint-0.1.0-19.pre2.el6.i686
xorg-x11-drv-mach64-6.9.0-1.el6.i686
at-3.1.10-43.el6_2.1.i686
GConf2-gtk-2.28.0-6.el6.i686
xorg-x11-drv-savage-2.3.2-1.el6.i686
syslinux-extlinux-4.02-7.el6.i686
libXpm-3.5.8-2.el6.i686
lzo-2.03-3.1.el6.i686
xorg-x11-drv-ast-0.91.10-1.el6.i686
spice-client-0.8.2-15.el6.i686
xorg-x11-drv-vmmouse-12.7.0-1.el6.i686
libtar-1.2.11-17.el6.i686
libXdmcp-1.0.3-1.el6.i686
libburn-0.7.0-1.el6.i686
libXvMC-1.0.4-8.1.el6.i686
qt-sqlite-4.6.2-24.el6.i686
libspiro-20071029-3.1.el6.i686
gnome-python2-gconf-2.28.0-3.el6.i686
nss-tools-3.13.5-1.el6_3.i686
foomatic-db-ppds-4.0-7.20091126.el6.noarch
aic94xx-firmware-30-2.el6.noarch
dbus-libs-1.2.24-7.el6_3.i686
checkpolicy-2.0.22-1.el6.i686
system-setup-keyboard-0.7-4.el6.i686
libselinux-2.0.94-5.3.el6.i686
bfa-firmware-3.0.0.0-1.el6.noarch
python-setuptools-0.6.10-3.el6.noarch
libtiff-3.9.4-6.el6_3.i686
rdesktop-1.6.0-8.el6_0.1.i686
readline-6.0-4.el6.i686
xorg-x11-fonts-100dpi-7.2-9.1.el6.noarch
gsl-1.13-1.el6.i686
libiptcdata-1.0.4-2.1.el6.i686
sed-4.2.1-10.el6.i686
lohit-telugu-fonts-2.4.5-5.el6.noarch
libxml2-python-2.7.6-8.el6_3.3.i686
sudo-1.7.4p5-12.el6_3.i686
gnome-panel-libs-2.30.2-14.el6.i686
liberation-sans-fonts-1.05.1.20090721-5.el6.noarch
tibetan-machine-uni-fonts-1.901-5.el6.noarch
tzdata-java-2012f-1.el6.noarch
obexd-0.19-2.el6.i686
xorg-x11-drv-qxl-0.0.14-13.el6_2.i686
crontabs-1.10-33.el6.noarch
pykickstart-1.74.10-1.el6.noarch
stix-fonts-0.9-13.1.el6.noarch
php-common-5.3.3-14.el6_3.i686
xz-lzma-compat-4.999.9-0.3.beta.20091007git.el6.i686
udisks-1.0.1-4.el6.i686
xml-common-0.6.3-32.el6.noarch
gawk-3.1.7-9.el6.i686
kernel-2.6.32-279.11.1.el6.i686
dejavu-sans-fonts-2.30-2.el6.noarch
iw-0.9.17-4.el6.i686
ca-certificates-2010.63-3.el6_1.5.noarch
usbredir-0.4.3-1.el6.i686
kernel-firmware-2.6.32-279.14.1.el6.noarch
totem-nautilus-2.28.6-2.el6.i686
dirac-1.0.2-4.el6.i686
celt051-0.5.1.3-0.el6.i686
libproxy-python-0.3.0-2.el6.i686
vlgothic-fonts-common-20091202-2.el6.noarch
iptables-1.4.7-5.1.el6_2.i686
nexuiz-data-2.5.2-1.el6.noarch
pinentry-0.7.6-6.el6.i686
libhbaapi-2.2-14.el6.i686
nautilus-open-terminal-0.17-4.el6.i686
libconfig-1.3.2-1.1.el6.i686
evolution-data-server-2.28.3-15.el6.i686
cpp-4.4.6-4.el6.i686
gnome-screensaver-2.28.3-18.el6.i686
less-436-10.el6.i686
pycairo-1.8.6-2.1.el6.i686
ql2200-firmware-2.02.08-3.1.el6.noarch
mesa-dri-drivers-7.11-5.el6.i686
gvfs-afc-1.4.3-12.el6.i686
cairo-1.8.8-3.1.el6.i686
ivtv-firmware-20080701-20.2.noarch
rpm-libs-4.8.0-27.el6.i686
mousetweaks-2.28.2-1.el6.i686
rhino-1.7-0.7.r2.2.el6.noarch
libsndfile-1.0.20-5.el6.i686
gnome-python2-gnomekeyring-2.28.0-4.el6.i686
libattr-2.4.44-7.el6.i686
samba-winbind-clients-3.5.10-125.el6.i686
gparted-0.6.0-1.el6.i686
giflib-4.1.6-3.1.el6.i686
genisoimage-1.1.9-11.el6.i686
gnome-panel-2.30.2-14.el6.i686
popt-1.13-7.el6.i686
firstboot-1.110.13-1.el6.i686
acpid-1.0.10-2.1.el6.i686
polkit-0.96-2.el6_0.1.i686
bzip2-libs-1.0.5-7.el6_0.i686
PackageKit-yum-0.5.8-20.el6.i686
wvdial-1.60-12.el6.i686
lpsolve-5.5.0.15-2.el6.i686
libcanberra-0.22-1.el6.i686
python-pycurl-7.19.0-8.el6.i686
sqlite-3.6.20-1.el6.i686
device-mapper-multipath-libs-0.4.9-56.el6.i686
initscripts-9.03.31-2.el6.i686
libreoffice-impress-3.4.5.2-16.1.el6_3.i686
python-iwlib-0.1-1.2.el6.i686
libgpg-error-1.7-4.el6.i686
gdm-2.30.4-33.el6_2.i686
iperf-2.0.5-3.el6.i686
libreoffice-writer-3.4.5.2-16.1.el6_3.i686
gnome-python2-applet-2.28.0-4.el6.i686
libvorbis-1.2.3-4.el6_2.1.i686
parted-2.1-18.el6.i686
rfkill-0.3-4.el6.i686
libasyncns-0.8-1.1.el6.i686
tar-1.23-7.el6.i686
vconfig-1.9-8.1.el6.i686
gnupg2-2.0.14-4.el6.i686
libmcpp-2.7.2-4.1.el6.i686
yajl-1.0.7-3.el6.i686
compat-libstdc++-33-3.2.3-69.el6.i686
bridge-utils-1.2-9.el6.i686
libao-0.8.8-7.1.el6.i686
yum-plugin-fastestmirror-1.1.30-14.el6.noarch
ed-1.1-3.3.el6.i686
libthai-0.1.12-3.el6.i686
libXi-1.3-3.el6.i686
perl-CGI-3.51-127.el6.i686
gpg-pubkey-7fac5991-4615767f
unique-1.1.4-2.el6.i686
gvfs-fuse-1.4.3-12.el6.i686
findutils-4.4.2-6.el6.i686
spice-xpi-2.7-20.el6.i686
libXdamage-1.1.2-1.el6.i686
cups-1.4.2-48.el6.i686
gnome-media-libs-2.29.91-6.el6.i686
xorg-x11-drv-vmware-11.0.3-1.el6.i686
psmisc-22.6-15.el6_0.1.i686
passwd-0.77-4.el6_2.2.i686
system-icon-theme-6.0.0-2.el6.noarch
xorg-x11-drv-xgi-1.6.0-11.el6.i686
glx-utils-7.11-5.el6.i686
plymouth-theme-rings-0.8.3-24.sl6.noarch
xorg-x11-drv-penmount-1.5.0-2.el6.i686
gdbm-1.8.0-36.el6.i686
libatasmart-0.17-4.el6_2.i686
iputils-20071127-16.el6.i686
xorg-x11-drv-sis-0.10.3-1.el6.i686
tcpdump-4.0.0-3.20090921gitdf3cb4.2.el6.i686
libtirpc-0.2.1-5.el6.i686
nfs4-acl-tools-0.3.3-6.el6.i686
freetype-2.3.11-6.el6_2.9.i686
ilmbase-1.0.1-6.1.el6.i686
hal-0.5.14-11.el6.i686
libplist-1.2-1.el6.i686
selinux-policy-targeted-3.7.19-155.el6_3.4.noarch
python-libs-2.6.6-29.el6_2.2.i686
glibc-common-2.12-1.80.el6_3.5.i686
iwl5150-firmware-8.24.2.2-1.el6.noarch
acl-2.2.49-6.el6.i686
perl-Error-0.17015-4.el6.noarch
libreport-newt-2.0.9-5.el6.i686
libgcc-4.4.6-4.el6.i686
openct-0.6.19-4.el6.i686
libXfont-1.4.1-2.el6_1.i686
numpy-1.4.1-9.el6.i686
sos-2.2-29.el6.noarch
perl-version-0.77-127.el6.i686
postfix-2.6.6-2.2.el6_1.i686
paktype-naqsh-fonts-2.0-8.el6.noarch
libdaemon-0.14-1.el6.i686
spice-gtk-0.11-11.el6_3.1.i686
pidgin-2.7.9-5.el6.2.i686
perl-ExtUtils-MakeMaker-6.55-127.el6.i686
gnome-vfs2-2.24.2-6.el6.i686
lklug-fonts-0.6-4.20090803cvs.el6.noarch
polkit-desktop-policy-0.96-2.el6_0.1.noarch
sl-bookmarks-6-2.sl6.noarch
lohit-punjabi-fonts-2.4.4-2.el6.noarch
libiec61883-1.2.0-4.el6.i686
rsyslog-5.8.10-2.el6.i686
libgcrypt-1.4.5-9.el6_2.2.i686
smp_utils-0.94-4.el6.i686
php-cli-5.3.3-14.el6_3.i686
libdmx-1.1.0-1.el6.i686
lohit-tamil-fonts-2.4.5-5.el6.noarch
ustr-1.0.4-9.1.el6.i686
libmng-1.0.10-4.1.el6.i686
dejavu-fonts-common-2.30-2.el6.noarch
gpm-libs-1.20.6-12.el6.i686
libffi-3.0.5-3.2.el6.i686
php-xml-5.3.3-14.el6_3.i686
cyrus-sasl-plain-2.1.23-13.el6.i686
paktype-fonts-common-2.0-8.el6.noarch
gpg-pubkey-0608b895-4bd22942
python-decorator-3.0.1-3.1.el6.noarch
google-chrome-stable-23.0.1271.64-165188.i386
meanwhile-1.1.0-3.el6.i686
dirac-libs-1.0.2-4.el6.i686
libproxy-0.3.0-2.el6.i686
kernel-devel-2.6.32-279.14.1.el6.i686
khmeros-fonts-common-5.0-9.el6.noarch
libva-1.0.15-1.el6.i686
dbus-python-0.83.0-6.1.el6.i686
ncurses-base-5.7-3.20090208.el6.i686
transmission-gtk-2.13-1.el6.i686
gssdp-0.7.1-1.el6.i686
diffutils-2.8.1-28.el6.i686
livecd-extra-release-6-2.noarch
gstreamer-ffmpeg-0.10.11-1.el6.rf.i686
ttmkfdir-3.0.9-32.1.el6.i686
libnih-1.0.1-7.el6.i686
rt73usb-firmware-1.8-7.el6.noarch
cdparanoia-libs-10.2-5.1.el6.i686
libertas-usb8388-firmware-5.110.22.p23-3.1.el6.noarch
mpfr-2.4.1-6.el6.i686
man-pages-3.22-17.el6.noarch
gnome-python2-2.28.0-3.el6.i686
rt61pci-firmware-1.2-7.el6.noarch
gnome-python2-desktop-2.28.0-4.el6.i686
iwl4965-firmware-228.61.2.24-2.1.el6.noarch
jpackage-utils-1.7.5-3.12.el6.noarch
system-config-users-1.2.106-5.el6.noarch
plymouth-scripts-0.8.3-24.sl6.i686
nss-softokn-freebl-3.12.9-11.el6.i686
jline-0.9.94-0.8.el6.noarch
pulseaudio-libs-0.9.21-13.el6.i686
hunspell-en-0.20090216-7.1.el6.noarch
hyphen-en-2.4-5.1.el6.noarch
gnome-session-xsession-2.28.0-18.el6.i686
libICE-1.0.6-1.el6.i686
libtextcat-2.2-10.el6.i686
libnice-0.0.9-3.el6.i686
poppler-0.12.4-3.el6_0.1.i686
libjpeg-6b-46.el6.i686
xorg-x11-fonts-misc-7.2-9.1.el6.noarch
system-config-services-docs-1.1.8-1.el6.noarch
ppp-2.4.5-5.el6.i686
rtkit-0.5-1.el6.i686
libogg-1.1.4-2.1.el6.i686
dvd+rw-tools-7.1-5.el6.i686
libsepol-2.0.41-4.el6.i686
atk-1.28.0-2.el6.i686
wodim-1.1.9-11.el6.i686
dbus-glib-0.86-5.el6.i686
gnome-python2-libegg-2.25.3-20.el6.i686
GConf2-2.28.0-6.el6.i686
shared-mime-info-0.70-4.el6.i686
lm_sensors-3.1.1-10.el6.i686
gnome-terminal-2.31.3-7.el6.i686
cyrus-sasl-lib-2.1.23-13.el6.i686
nfs-utils-lib-1.1.5-4.el6.i686
vorbis-tools-1.2.0-7.el6.i686
libXau-1.0.5-1.el6.i686
gstreamer-plugins-good-0.10.23-1.el6.i686
libisofs-0.6.32-1.el6.i686
gpgme-1.1.8-3.el6.i686
which-2.19-6.el6.i686
xorg-x11-xinit-1.0.9-13.el6.i686
mailx-12.4-6.el6.i686
libcap-ng-0.6.4-3.el6_0.1.i686
plymouth-0.8.3-24.sl6.i686
gsm-1.0.13-4.el6.i686
elfutils-libelf-0.152-1.el6.i686
xorg-x11-drv-evdev-2.6.0-2.el6.i686
sgpio-1.2.0.10-5.el6.i686
libX11-1.3-2.el6.i686
pulseaudio-0.9.21-13.el6.i686
pango-1.28.1-3.el6_0.5.i686
libXfixes-4.0.4-1.el6.i686
libgnomecanvas-2.26.0-4.el6.i686
libXcursor-1.1.10-2.el6.i686
tigervnc-server-1.0.90-0.17.20110314svn4359.el6.i686
libgnomekbd-2.28.2-2.el6.i686
pulseaudio-module-bluetooth-0.9.21-13.el6.i686
libnotify-0.5.0-1.el6.i686
xorg-x11-drv-fpit-1.4.0-2.el6.i686
at-spi-1.28.1-2.el6.i686
libXmu-1.0.5-1.el6.i686
xorg-x11-drv-cirrus-1.3.2-2.el6.i686
gnome-bluetooth-libs-2.28.6-8.el6.i686
xz-4.999.9-0.3.beta.20091007git.el6.i686
xorg-x11-drv-elographics-1.3.0-2.el6.i686
gnome-media-2.29.91-6.el6.i686
xorg-x11-drv-rendition-4.2.4-1.el6.i686
flac-1.2.1-6.1.el6.i686
xorg-x11-drv-sisusb-0.9.4-1.el6.i686
system-gnome-theme-60.0.2-1.el6.noarch
xorg-x11-drv-mouse-1.7.0-4.el6.i686
libopenraw-gnome-0.0.5-4.1.el6.i686
xorg-x11-drv-glint-1.2.5-1.el6.i686
slang-2.2.1-1.el6.i686
xorg-x11-drv-apm-1.2.3-2.el6.i686
makebootfat-1.4-10.el6.i686
xorg-x11-drv-dummy-0.3.4-1.el6.i686
xorg-x11-drv-openchrome-0.2.904-4.el6.i686
liboil-0.3.16-4.1.el6.i686
usermode-gtk-1.102-3.el6.i686
xorg-x11-xauth-1.0.2-7.1.el6.i686
kmod-reiserfs-0.0-1.el6.elrepo.i686
SDL_net-1.2.7-7.el6.i686
libxkbfile-1.0.6-1.1.el6.i686
libwmf-0.2.8.4-22.el6.i686
system-config-network-tui-1.6.0.el6.2-1.el6.noarch
kbd-1.15-11.el6.i686
startup-notification-0.10-2.1.el6.i686
DeviceKit-power-014-3.el6.i686
libutempter-1.1.5-4.1.el6.i686
redhat-lsb-printing-4.0-3.el6.i686
gnome-user-docs-2.28.0-4.el6.noarch
ghostscript-8.70-14.el6_3.1.i686
SDL_mixer-1.2.11-3.el6.i686
iwl6000-firmware-9.221.4.1-1.el6.noarch
foomatic-4.0.4-1.el6_1.1.i686
dbus-x11-1.2.24-7.el6_3.i686
openobex-1.4-7.el6.i686
iwl6050-firmware-41.28.5.1-2.el6.noarch
git-1.7.1-2.el6_0.1.i686
chkconfig-1.3.49.3-2.el6.i686
plymouth-system-theme-0.8.3-24.sl6.noarch
libgfortran-4.4.6-4.el6.i686
libfontenc-1.0.5-2.el6.i686
memtest86+-4.10-2.el6.i686
crda-1.1.1_2010.11.22-1.el6.i686
ImageMagick-c++-6.5.4.7-6.el6_2.i686
sysvinit-tools-2.87-4.dsf.el6.i686
sil-padauk-fonts-2.6.1-1.el6.noarch
ntpdate-4.2.4p8-2.el6.i686
python-lxml-2.2.3-1.1.el6.i686
fuse-libs-2.8.3-4.el6.i686
openjpeg-libs-1.3-9.el6_3.i686
paktype-tehreer-fonts-2.0-8.el6.noarch
libgnome-2.28.0-11.el6.i686
yum-autoupdate-2-5.0.noarch
ctapi-common-1.1-6.1.el6.i686
thai-scalable-waree-fonts-0.4.12-2.1.el6.noarch
kernel-devel-2.6.32-279.9.1.el6.i686
avahi-autoipd-0.6.25-11.el6.i686
libgail-gnome-1.20.1-4.1.el6.i686
un-core-dotum-fonts-1.0.2-0.15.080608.el6.noarch
cronie-1.4.4-7.el6.i686
libshout-2.2.2-5.1.el6.i686
gtk2-2.18.9-10.el6.i686
libarchive-2.8.3-4.el6_2.i686
lohit-assamese-fonts-2.4.3-5.el6.noarch
cpio-2.10-10.el6.i686
libwacom-0.5-3.el6.i686
pulseaudio-module-gconf-0.9.21-13.el6.i686
iproute-2.6.32-20.el6.i686
xdg-user-dirs-gtk-0.8-7.el6.i686
python-slip-0.2.20-1.el6_2.noarch
keyutils-libs-1.4-4.el6.i686
gnome-packagekit-2.28.3-3.el6.i686
keyutils-1.4-4.el6.i686
file-roller-2.28.2-6.el6.i686
gtk-vnc-0.3.10-3.el6.i686
upstart-0.6.5-12.el6.i686
gvfs-archive-1.4.3-12.el6.i686
mesa-libGL-7.11-5.el6.i686
cups-pk-helper-0.0.4-12.el6.i686
coreutils-libs-8.4-19.el6.i686
gthumb-2.10.11-8.el6.i686
rpm-4.8.0-27.el6.i686
gnome-vfs2-smb-2.24.2-6.el6.i686
gnome-desktop-2.28.2-9.el6.i686
gnome-settings-daemon-2.28.2-20.el6.i686
rpcbind-0.2.0-9.el6.i686
yum-utils-1.1.30-14.el6.noarch
prelink-0.4.6-3.el6.i686
system-config-printer-libs-1.1.16-23.el6.i686
minicom-2.3-6.1.el6.i686
PackageKit-0.5.8-20.el6.i686
usbutils-003-4.el6.i686
man-1.6f-30.el6.i686
pam_passwdqc-1.0.5-6.el6.i686
portreserve-0.0.4-9.el6.i686
xorg-x11-utils-7.4-8.el6.i686
netcf-libs-0.1.9-2.el6.i686
autocorr-en-3.4.5.2-16.1.el6_3.noarch
lftp-4.0.9-1.el6.i686
udev-147-2.41.el6.i686
libreoffice-presenter-screen-3.4.5.2-16.1.el6_3.i686
nc-1.84-22.el6.i686
device-mapper-event-1.02.74-10.el6.i686
libreoffice-pdfimport-3.4.5.2-16.1.el6_3.i686
unzip-6.0-1.el6.i686
device-mapper-multipath-0.4.9-56.el6.i686
libreoffice-calc-3.4.5.2-16.1.el6_3.i686
attr-2.4.44-7.el6.i686
lvm2-2.02.95-10.el6.i686
wdaemon-0.17-2.el6.i686
mdadm-3.2.3-9.el6.i686
rdate-1.4-16.el6.i686
fcoe-utils-1.0.22-3.el6.i686
reiserfs-utils-3.6.21-1.el6.elrepo.i686
dracut-004-283.el6.noarch
gpg-pubkey-f21541eb-4a5233e7
libgomp-4.4.6-4.el6.i686
gpg-pubkey-9b1fd350-4a576be4
man-pages-overrides-6.3.3-1.el6.noarch
grub-0.97-77.el6.i686
wxGTK-2.8.12-1.el6.i686
cvs-1.11.23-11.el6_2.1.i686
liberation-serif-fonts-1.05.1.20090721-5.el6.noarch
gettext-0.17-16.el6.i686
system-config-date-docs-1.0.11-1.el6.noarch
ql2500-firmware-5.06.05-1.el6.noarch
anaconda-13.21.176-1.sl6.i686
samba-client-3.5.10-125.el6.i686
rng-tools-2-13.el6_2.i686
PackageKit-gstreamer-plugin-0.5.8-20.el6.i686
libid3tag-0.15.1b-11.el6.i686
tsclient-2.0.2-8.el6.i686
libdvdread-4.1.4-0.2.svn1183.el6.i686
audit-2.2-2.el6.i686
gnome-power-manager-2.28.3-6.el6_2.i686
gnome-system-monitor-2.28.0-11.el6.i686
neon-0.29.3-2.el6.i686
ntsysv-1.3.49.3-2.el6.i686
alsa-utils-1.0.22-3.el6.i686
busybox-1.15.1-15.el6.i686
pcsc-lite-libs-1.5.2-7.el6.i686
nss-util-3.13.5-1.el6_3.i686
efibootmgr-0.5.4-10.el6.i686
xorg-x11-server-Xorg-1.10.6-1.sl6.i686
nss-sysinit-3.13.5-1.el6_3.i686
python-2.6.6-29.el6_2.2.i686
glibc-devel-2.12-1.80.el6_3.5.i686
libreport-2.0.9-5.el6.i686
libreport-gtk-2.0.9-5.el6.i686
audit-libs-2.2-2.el6.i686
qt-x11-4.6.2-24.el6.i686
perl-Pod-Escapes-1.04-127.el6.i686
python-meh-0.12.1-3.el6.noarch
perl-Pod-Simple-3.13-127.el6.i686
gnutls-2.8.5-4.el6_2.2.i686
perl-Test-Harness-3.17-127.el6.i686
liberation-fonts-common-1.05.1.20090721-5.el6.noarch
yelp-2.28.1-13.el6_2.i686
sl-release-6.3-1.i686
xorg-x11-drv-intel-2.16.0-4.el6.i686
setup-2.8.14-16.el6.noarch
xorg-x11-drv-mga-1.4.13-7.el6.i686
libblkid-2.17.2-12.7.el6.i686
cifs-utils-4.8.1-10.el6.i686
abyssinica-fonts-1.0-5.1.el6.noarch
fontpackages-filesystem-1.41-1.1.el6.noarch
libXres-1.0.4-1.el6.i686
gnome-disk-utility-ui-libs-2.30.1-2.el6.i686
java-1.6.0-openjdk-1.6.0.0-1.50.1.11.5.el6_3.i686
filesystem-2.4.30-3.el6.i686
xorg-x11-drv-ati-firmware-6.14.2-9.el6.noarch
gstreamer-tools-0.10.29-1.el6.i686
kernel-devel-2.6.32-279.11.1.el6.i686
ModemManager-0.4.0-3.git20100628.el6.i686
system-config-firewall-base-1.2.27-5.el6.noarch
thunderbird-10.0.10-1.el6_3.i686
foomatic-db-filesystem-4.0-7.20091126.el6.noarch
libcroco-0.6.2-5.el6.i686
libproxy-bin-0.3.0-2.el6.i686
kernel-headers-2.6.32-279.14.1.el6.i686
un-core-fonts-common-1.0.2-0.15.080608.el6.noarch
orc-0.4.16-6.el6.i686
nss-softokn-3.12.9-11.el6.i686
libsoup-2.28.2-1.el6_1.1.i686
transmission-common-2.13-1.el6.i686
libcdio-0.81-3.1.el6.i686
newt-python-0.52.11-3.el6.i686
libX11-common-1.3-2.el6.noarch
nexuiz-2.5.2-2.1.el6.i686
m4-1.4.13-5.el6.i686
poppler-data-0.4.0-1.el6.noarch
gpg-pubkey-98ab5139-4bf2d0b0
taglib-1.6.1-1.1.el6.i686
gupnp-0.13.2-1.el6.i686
atmel-firmware-1.3-7.el6.noarch
zd1211-firmware-1.4-4.el6.noarch
cloog-ppl-0.15.7-1.2.el6.i686
ncurses-5.7-3.20090208.el6.i686
python-ethtool-0.6-1.el6.i686
gzip-1.3.12-18.el6.i686
pygtk2-libglade-2.16.0-3.el6.i686
ql2100-firmware-1.19.38-3.1.el6.noarch
ql23xx-firmware-3.03.27-3.1.el6.noarch
tree-1.5.3-2.el6.i686
alsa-lib-1.0.22-3.el6.i686
cracklib-python-2.8.16-4.el6.i686
xdg-utils-1.0.2-17.20091016cvs.el6.noarch
ncurses-libs-5.7-3.20090208.el6.i686
lucene-2.3.1-5.9.el6.noarch
gnome-python2-gnome-2.28.0-3.el6.i686
hyphen-2.4-5.1.el6.i686
libsamplerate-0.1.7-2.1.el6.i686
gnome-session-2.28.0-18.el6.i686
pulseaudio-libs-glib2-0.9.21-13.el6.i686
info-4.13a-8.el6.i686
ConsoleKit-libs-0.4.1-3.el6.i686
pygpgme-0.1-18.20090824bzr68.el6.i686
pkgconfig-0.23-9.1.el6.i686
ghostscript-fonts-5.50-23.1.el6.noarch
system-config-services-0.99.45-1.el6.3.noarch
ConsoleKit-x11-0.4.1-3.el6.i686
libusb-0.1.12-23.el6.i686
cyrus-sasl-md5-2.1.23-13.el6.i686
python-deltarpm-3.5-0.5.20090913git.el6.i686
fipscheck-lib-1.2.0-7.el6.i686
gnome-python2-bonobo-2.28.0-3.el6.i686
lm_sensors-libs-3.1.1-10.el6.i686
vte-0.25.1-7.el6.i686
libtool-ltdl-2.2.6-15.5.el6.i686
speex-1.2-0.12.rc1.1.el6.i686
icedax-1.1.9-11.el6.i686
gstreamer-plugins-base-0.10.29-1.el6.i686
deltarpm-3.5-0.5.20090913git.el6.i686
gstreamer-plugins-bad-free-0.10.19-2.el6.i686
libidn-1.18-2.el6.i686
libgsf-1.14.15-5.el6.i686
xorg-x11-server-utils-7.5-5.2.el6.i686
lcms-libs-1.19-1.el6.i686
tigervnc-1.0.90-0.17.20110314svn4359.el6.i686
libdrm-2.4.25-2.el6.i686
bluez-libs-4.66-1.el6.i686
ntfs-3g-2011.4.12-5.el6.i686
libxcb-1.5-1.el6.i686
wavpack-4.60-1.1.el6.i686
libXrandr-1.3.0-4.el6.i686
libXxf86vm-1.1.0-1.el6.i686
libcanberra-gtk2-0.22-1.el6.i686
libXinerama-1.1-1.el6.i686
totem-pl-parser-2.28.3-1.el6.i686
bluez-4.66-1.el6.i686
pangomm-2.26.0-1.el6.i686
xorg-x11-drv-synaptics-1.4.1-3.el6.i686
xkeyboard-config-2.3-1.el6.noarch
polkit-gnome-0.96-3.el6.i686
xorg-x11-drv-tdfx-1.4.3-2.el6.i686
libXxf86misc-1.0.2-1.el6.i686
xorg-x11-drv-i128-1.3.4-1.el6.i686
libgtop2-2.28.0-3.el6.i686
gnome-utils-libs-2.28.1-10.el6.i686
xorg-x11-drv-i740-1.3.2-2.el6.i686
libtheora-1.1.0-2.el6.i686
gtk2-engines-2.18.4-5.el6.i686
xorg-x11-drv-hyperpen-1.4.1-2.el6.i686
jasper-libs-1.900.1-15.el6_1.1.i686
gtkspell-2.0.16-1.el6.i686
xorg-x11-drv-fbdev-0.4.2-2.el6.i686
hunspell-1.2.8-16.el6.i686
plymouth-plugin-label-0.8.3-24.sl6.i686
libraw1394-2.0.4-1.el6.i686
newt-0.52.11-3.el6.i686
xorg-x11-drv-s3virge-1.10.4-2.el6.i686
hdparm-9.16-3.4.el6.i686
xorg-x11-drv-siliconmotion-1.7.5-1.el6.i686
xorg-x11-drv-neomagic-1.2.5-1.el6.i686
libgssglue-0.1-11.el6.i686
xorg-x11-drv-trident-1.3.4-1.el6.i686
dosfstools-3.0.9-4.el6.i686
plymouth-gdm-hooks-0.8.3-24.sl6.i686
libgphoto2-2.4.7-4.el6.i686
fglrx_p_i_c-8.982-1.i386
xorg-x11-drivers-7.3-13.3.el6.i686
libXcomposite-0.4.1-2.el6.i686
babl-0.1.2-4.el6.i686
prboom-2.3.1-1.i386
livecd-tools-13.4-9.sl6.i686
xcb-util-0.3.6-1.el6.i686
hal-info-20090716-3.1.el6.noarch
pyxdg-0.18-1.el6.noarch
system-config-firewall-1.2.27-5.el6.noarch
rarian-0.8.1-5.1.el6.i686
VirtualBox-4.1-4.1.22_80657_el6-1.i686
ORBit2-2.14.17-3.1.el6.i686
foomatic-db-4.0-7.20091126.el6.noarch
libexif-0.6.21-5.el6_3.i686
iwl1000-firmware-39.31.5.1-1.el6.noarch
gucharmap-2.28.2-2.el6.i686
postgresql-libs-8.4.13-1.el6_3.i686
iwl6000g2b-firmware-17.168.5.2-1.el6.noarch
perl-Git-1.7.1-2.el6_0.1.noarch
iwl100-firmware-39.31.5.1-1.el6.noarch
squashfs-tools-4.0-5.el6.i686
pcsc-lite-openct-0.6.19-4.el6.i686
python-nose-0.10.4-3.1.el6.noarch
xorg-x11-fonts-Type1-7.2-9.1.el6.noarch
libedit-2.11-4.20080712cvs.1.el6.i686
wireless-tools-29-5.1.1.el6.i686
libwpg-0.1.3-4.1.el6.i686
yum-conf-sl-other-6-2.noarch
ntp-4.2.4p8-2.el6.i686
inkscape-0.47-6.el6.i686
SL_desktop_tweaks-6-3.noarch
libpcap-1.0.0-6.20091201git117cb5.el6.i686
avahi-0.6.25-11.el6.i686
libxml2-2.7.6-8.el6_3.3.i686
wqy-zenhei-fonts-0.9.45-3.el6.noarch
libao-devel-0.8.8-7.1.el6.i686
libbonoboui-2.24.2-3.el6.i686
lohit-oriya-fonts-2.4.3-6.el6.noarch
vlgothic-fonts-20091202-2.el6.noarch
libimobiledevice-0.9.7-4.el6.i686
libv4l-0.6.3-2.el6.i686
libvirt-client-0.9.10-21.el6_3.5.i686
jomolhari-fonts-0.003-8.1.el6.noarch
file-libs-5.04-13.el6.i686
lohit-devanagari-fonts-2.4.3-7.el6.noarch
gnome-keyring-2.28.2-7.el6.i686
brasero-libs-2.28.3-6.el6.i686
binutils-2.20.51.0.2-5.34.el6.i686
file-5.04-13.el6.i686
syslinux-4.02-7.el6.i686
alsa-plugins-pulseaudio-1.0.21-3.el6.i686
libbonobo-2.24.2-5.el6.i686
libssh2-1.2.2-7.el6_2.3.i686
totem-mozplugin-2.28.6-2.el6.i686
libhbalinux-1.0.13-1.el6.i686
evince-2.28.2-14.el6_0.1.i686
gnutls-utils-2.8.5-4.el6_2.2.i686
eog-2.28.2-4.el6.i686
libss-1.41.12-12.el6.i686
gvfs-gphoto2-1.4.3-12.el6.i686
mesa-libGLU-7.11-5.el6.i686
blktrace-1.0.1-6.el6.i686
coreutils-8.4-19.el6.i686
gnome-utils-2.28.1-10.el6.i686
module-init-tools-3.9-20.el6.i686
rpm-python-4.8.0-27.el6.i686
authconfig-6.1.12-10.el6.i686
authconfig-gtk-6.1.12-10.el6.i686
cpuspeed-1.5-15.el6.i686
createrepo-0.9.8-5.el6.noarch
virt-what-1.11-1.1.el6.i686
PackageKit-gtk-module-0.5.8-20.el6.i686
ntfsprogs-2011.4.12-5.el6.i686
libwpd-0.8.14-4.1.el6.i686
PackageKit-yum-plugin-0.5.8-20.el6.i686
gnome-keyring-pam-2.28.2-7.el6.i686
fprintd-0.1-20.git04fd09cfa.el6.i686
libreoffice-opensymbol-fonts-3.4.5.2-16.1.el6_3.noarch
procps-3.2.8-23.el6.i686
xvattr-1.3-18.el6.i686
libreoffice-core-3.4.5.2-16.1.el6_3.i686
device-mapper-libs-1.02.74-10.el6.i686
libreoffice-draw-3.4.5.2-16.1.el6_3.i686
kpartx-0.4.9-56.el6.i686
time-1.7-37.1.el6.i686
libreoffice-math-3.4.5.2-16.1.el6_3.i686
dmraid-events-1.0.0.rc16-11.el6.i686
cryptsetup-luks-libs-1.2.0-7.el6.i686
mtr-0.75-5.el6.i686
dnsmasq-2.48-6.el6.i686
traceroute-2.0.14-2.el6.i686
libselinux-utils-2.0.94-5.3.el6.i686
wpa_supplicant-0.7.3-3.el6.i686
gpg-pubkey-897da07a-3c979a7f
gcc-4.4.6-4.el6.i686
gpg-pubkey-192a7d7d-4a5769d0
virt-viewer-0.5.2-9.el6.i686
system-config-printer-1.1.16-23.el6.i686
qt3-3.3.8b-30.el6.i686
wxBase-2.8.12-1.el6.i686
python-slip-gtk-0.2.20-1.el6_2.noarch
pax-3.4-10.1.el6.i686
liberation-mono-fonts-1.05.1.20090721-5.el6.noarch
redhat-lsb-4.0-3.el6.i686
lohit-kannada-fonts-2.4.5-6.el6.noarch
gpg-pubkey-6b8d79e6-3f49313d
nfs-utils-1.2.3-26.el6.i686
gcc-c++-4.4.6-4.el6.i686
gdm-plugin-fingerprint-2.30.4-33.el6_2.i686
pcsc-lite-1.5.2-7.el6.i686
system-config-printer-udev-1.1.16-23.el6.i686
pakchois-0.4-3.2.el6.i686
rpm-build-4.8.0-27.el6.i686
libmusicbrainz-2.1.5-11.1.el6.i686
tcsh-6.17-19.el6_2.i686
iptables-ipv6-1.4.7-5.1.el6_2.i686
openldap-2.4.23-26.el6_3.2.i686
systemtap-runtime-1.7-5.el6.i686
vim-minimal-7.2.411-1.8.el6.i686
xorg-x11-server-common-1.10.6-1.sl6.i686
make-3.81-20.el6.i686
strace-4.5.19-1.11.el6_2.1.i686
openssl-1.0.0-20.el6_2.5.i686
qt-4.6.2-24.el6.i686
openssh-5.3p1-81.el6.i686
gegl-0.1.2-3.el6.i686
openssh-clients-5.3p1-81.el6.i686
gimp-2.6.9-4.el6_3.3.i686
SDL_image-1.2.10-1.el6.i686
libpurple-2.7.9-5.el6.2.i686
glibc-headers-2.12-1.80.el6_3.5.i686
libreport-plugin-rhtsupport-2.0.9-5.el6.i686
glib2-2.22.5-7.el6.i686
libcom_err-1.41.12-12.el6.i686
phonon-backend-gstreamer-4.6.2-24.el6.i686
db4-4.7.25-17.el6.i686
perl-Module-Pluggable-3.90-127.el6.i686
libudev-147-2.41.el6.i686
perl-devel-5.10.1-127.el6.i686
openssh-askpass-5.3p1-81.el6.i686
libstdc++-devel-4.4.6-4.el6.i686
xorg-x11-drv-wacom-0.13.0-6.el6.i686
libwacom-data-0.5-3.el6.noarch
mysql-libs-5.1.61-4.el6.i686
libgudev1-147-2.41.el6.i686
gnome-disk-utility-libs-2.30.1-2.el6.i686
NetworkManager-glib-0.8.1-33.el6.i686
iso-codes-3.16-2.el6.noarch
lohit-gujarati-fonts-2.4.4-4.el6.noarch
gstreamer-0.10.29-1.el6.i686
libusb1-1.0.9-0.5.rc1.el6.i686
comps-extras-17.8-1.el6.noarch
kernel-2.6.32-279.14.1.el6.i686
libkate-0.3.8-1.el6.i686
python-nss-0.11-3.el6.i686
e2fsprogs-libs-1.41.12-12.el6.i686
thai-scalable-fonts-common-0.4.12-2.1.el6.noarch
pcmciautils-015-4.2.el6.i686
darkplaces-20091001-2.1.el6.i686
pygobject2-2.20.0-5.el6.i686
libcurl-7.19.7-26.el6_2.4.i686
gedit-2.28.4-3.el6.i686
log4cpp-1.0-13.el6.i686
pyparted-3.4-3.el6.i686
curl-7.19.7-26.el6_2.4.i686
iwl3945-firmware-15.32.2.9-4.el6.noarch
groff-1.18.1.4-21.el6.i686
pygtk2-2.16.0-3.el6.i686
e2fsprogs-1.41.12-12.el6.i686
iwl5000-firmware-8.83.5.1_1-1.el6_1.1.noarch
gvfs-smb-1.4.3-12.el6.i686
fontconfig-2.8.0-3.el6.i686
krb5-libs-1.9-33.el6_3.2.i686
yum-metadata-parser-1.1.2-16.el6.i686
pam-1.1.1-10.el6_2.1.i686
ipw2200-firmware-3.1-4.el6.noarch
sgml-common-0.6.3-32.el6.noarch
gnome-python2-gnomevfs-2.28.0-3.el6.i686
yum-3.2.29-30.el6.noarch
libcap-2.16-5.5.el6.i686
gcalctool-5.28.2-3.el6.i686
cairomm-1.8.0-2.1.el6.i686
system-config-keyboard-1.3.1-4.el6.i686
spice-vdagent-0.8.1-3.el6.i686
ConsoleKit-0.4.1-3.el6.i686
PackageKit-glib-0.5.8-20.el6.i686
sound-theme-freedesktop-0.7-3.el6.noarch
python-urlgrabber-3.9.1-8.el6.noarch
xmlrpc-c-1.16.24-1209.1840.el6.i686
libart_lgpl-2.3.20-5.1.el6.i686
poppler-utils-0.12.4-3.el6_0.1.i686
epson-inkjet-printer-201105w-1.0.0-1lsb3.2.i486
util-linux-ng-2.17.2-12.7.el6.i686
gamin-0.1.10-9.el6.i686
libreoffice-graphicfilter-3.4.5.2-16.1.el6_3.i686
pyxf86config-0.3.37-7.1.el6.i686
iscsi-initiator-utils-6.2.0.872-41.el6.i686
dhclient-4.1.1-31.P1.el6_3.1.i686
notify-python-0.1.1-10.el6.i686
cryptsetup-luks-1.2.0-7.el6.i686
xz-libs-4.999.9-0.3.beta.20091007git.el6.i686
zip-3.0-1.el6.i686
libvisual-0.4.0-9.1.el6.i686
policycoreutils-2.0.83-19.24.el6.i686
libsigc++20-2.2.4.2-1.el6.i686
setserial-2.17-25.el6.i686
mcpp-2.7.2-4.1.el6.i686
dmidecode-2.11-2.el6_1.i686
libtalloc-2.0.1-1.1.el6.i686
libmpcdec-1.2.6-6.1.el6.i686
yum-plugin-security-1.1.30-14.el6.noarch
glibmm24-2.22.1-1.el6.i686
redhat-lsb-graphics-4.0-3.el6.i686
lrzsz-0.12.20-27.1.el6.i686
fuse-2.8.3-4.el6.i686
perl-Test-Simple-0.92-127.el6.i686
libXtst-1.0.99.2-3.el6.i686
gnome-icon-theme-2.28.0-2.el6.noarch
totem-2.28.6-2.el6.i686
dracut-network-004-283.el6.noarch
bzip2-1.0.5-7.el6_0.i686
gtkmm24-2.18.2-1.el6.i686
xorg-x11-drv-voodoo-1.2.4-1.el6.i686
gdm-user-switch-applet-2.30.4-33.el6_2.i686
libXScrnSaver-1.2.0-1.el6.i686
cppunit-1.12.1-3.1.el6.i686
evince-libs-2.28.2-14.el6_0.1.i686
xorg-x11-drv-geode-2.11.12-1.el6.i686
control-center-extra-2.28.1-37.el6.i686
gnome-themes-2.28.1-6.el6.noarch
xorg-x11-drv-keyboard-1.6.0-1.el6.i686
logrotate-3.7.8-15.el6.i686
plymouth-plugin-two-step-0.8.3-24.sl6.i686
xorg-x11-drv-mutouch-1.3.0-2.el6.i686
grubby-7.0.15-3.el6.i686
mingetty-1.08-5.el6.i686
lsof-4.82-4.el6.i686
plymouth-utils-0.8.3-24.sl6.i686
rsync-3.0.6-9.el6.i686
enchant-1.5.0-4.el6.i686
libwmf-lite-0.2.8.4-22.el6.i686
gtk-murrine-engine-0.98.2-1.el6.i686
xorg-x11-xkb-utils-7.4-6.el6.i686
pm-utils-1.2.5-9.el6.i686
gimp-libs-2.6.9-4.el6_3.3.i686
selinux-policy-3.7.19-155.el6_3.4.noarch
libIDL-0.8.13-2.1.el6.i686
expat-2.0.1-11.el6_2.i686
zenity-2.28.0-1.el6.i686
glibc-2.12-1.80.el6_3.5.i686
b43-openfwwf-5.2-4.el6.noarch
libxslt-1.1.26-2.el6_3.1.i686
mtools-4.0.12-1.el6.i686
libreport-python-2.0.9-5.el6.i686
setuptool-1.19.9-3.el6.i686
libstdc++-4.4.6-4.el6.i686
atlas-3.8.4-2.el6.i686
xorg-x11-font-utils-7.2-11.el6.i686
libtasn1-2.3-3.el6_2.1.i686
cyrus-sasl-2.1.23-13.el6.i686
perl-libs-5.10.1-127.el6.i686
madan-fonts-2.000-3.el6.noarch
spice-glib-0.11-11.el6_3.1.i686
libical-0.43-5.1.el6.i686
avahi-glib-0.6.25-11.el6.i686
perl-ExtUtils-ParseXS-2.2003.0-127.el6.i686
smc-meera-fonts-04.2-11.el6.noarch
kernel-2.6.32-279.9.1.el6.i686
gnome-doc-utils-stylesheets-0.18.1-1.el6.noarch
openssh-server-5.3p1-81.el6.i686
avahi-ui-0.6.25-11.el6.i686
sl-indexhtml-6-2.sl6.6.noarch
khmeros-base-fonts-5.0-9.el6.noarch
libavc1394-0.5.3-9.1.el6.i686
gdisk-0.8.4-1.el6.i686
sg3_utils-libs-1.28-4.el6.i686
cups-libs-1.4.2-48.el6.i686
dejavu-serif-fonts-2.30-2.el6.noarch
cdrdao-1.2.3-4.el6.i686
libsemanage-2.0.43-4.1.el6.i686
libxklavier-4.0-9.el6.i686
xulrunner-10.0.10-1.el6_3.i686
brasero-nautilus-2.28.3-6.el6.i686
MAKEDEV-3.24-6.el6.i686
system-config-firewall-tui-1.2.27-5.el6.noarch
basesystem-10.0-4.el6.noarch
gdm-libs-2.30.4-33.el6_2.i686
pulseaudio-module-x11-0.9.21-13.el6.i686
libcdaudio-0.99.12p2-13.el6.i686
gvfs-1.4.3-12.el6.i686
dmz-cursor-themes-0.4-4.el6.noarch
libselinux-python-2.0.94-5.3.el6.i686
cheese-2.28.1-7.el6.i686
dia-0.97-3.el6.i686
gnome-menus-2.28.0-4.el6.i686
kbd-misc-1.15-11.el6.noarch
nautilus-sendto-2.28.2-3.el6.i686
gupnp-igd-0.1.3-3.1.el6.i686
rootfiles-8.1-6.1.el6.noarch
gdb-7.2-56.el6.i686
cracklib-dicts-2.8.16-4.el6.i686
gnome-python2-canvas-2.28.0-3.el6.i686
grep-2.6.3-3.el6.i686
hicolor-icon-theme-0.11-1.1.el6.noarch
system-config-users-docs-1.0.8-1.el6.noarch
hwdata-0.233-7.8.el6.noarch
NetworkManager-vpnc-0.8.0-1.git20100411.el6.i686
raptor-1.4.18-5.el6_2.1.i686
libpciaccess-0.12.1-1.el6.i686
zlib-1.2.3-27.el6.i686
libuser-python-0.56.13-5.el6.i686
readahead-1.5.6-1.el6.i686
libXft-2.1.13-4.1.el6.i686
python-pyblock-0.48-1.el6.i686
libsmbclient-3.5.10-125.el6.i686
nspluginwrapper-1.3.0-14.el6.i686
urw-fonts-2.4-10.el6.noarch
libSM-1.1.0-7.1.el6.i686
nautilus-2.28.4-19.el6.i686
pptp-1.7.2-8.1.el6.i686
avahi-libs-0.6.25-11.el6.i686
augeas-libs-0.9.0-4.el6.i686
dhcp-common-4.1.1-31.P1.el6_3.1.i686
pulseaudio-utils-0.9.21-13.el6.i686
shadow-utils-4.1.4.2-13.el6.i686
device-mapper-event-libs-1.02.74-10.el6.i686
libreoffice-xsltfilter-3.4.5.2-16.1.el6_3.i686
libwvstreams-4.6-6.el6.i686
python-imgcreate-13.4-9.sl6.i686
libtdb-1.2.1-3.el6.i686
lvm2-libs-2.02.95-10.el6.i686
python-cryptsetup-0.0.11-1.el6.i686
libnl-1.1-14.el6.i686
lldpad-0.9.43-18.el6.i686
b43-fwcutter-012-2.2.el6.i686
farsight2-0.0.16-1.1.el6.i686
redhat-menus-14.0.0-3.el6.noarch
vim-common-7.2.411-1.8.el6.i686
gpg-pubkey-2fa658e0-45700c69
elfutils-libs-0.152-1.el6.i686
xdg-user-dirs-0.12-4.el6.i686
dracut-kernel-004-283.el6.noarch
libdv-1.0.0-8.1.el6.i686
xorg-x11-drv-vesa-2.3.0-2.el6.i686
libXext-1.1-3.el6.i686
libglade2-2.6.4-3.1.el6.i686
libXv-1.0.5-1.el6.i686
ql2400-firmware-5.06.05-1.el6.noarch
notification-daemon-0.5.0-1.el6.i686
gnome-bluetooth-2.28.6-8.el6.i686
plymouth-core-libs-0.8.3-24.sl6.i686
NetworkManager-gnome-0.8.1-33.el6.i686
gtksourceview2-2.8.2-4.el6.i686
xorg-x11-drv-aiptek-1.4.1-2.el6.i686
exempi-2.1.0-5.el6.i686
PackageKit-device-rebind-0.5.8-20.el6.i686
xorg-x11-drv-r128-6.8.1-3.el6.i686
lua-5.1.4-4.1.el6.i686
sysstat-9.0.4-20.el6.i686
obex-data-server-0.4.3-4.el6.i686
xorg-x11-drv-v4l-0.2.0-4.el6.i686
libgweather-2.28.0-5.el6.i686
libXaw-1.0.6-4.1.el6.i686
libvpx-0.9.0-8.el6_0.i686
xorg-x11-drv-acecad-1.5.0-3.el6.i686
irqbalance-0.55-34.el6.i686
usermode-1.102-3.el6.i686
xorg-x11-drv-nouveau-0.0.16-13.20110719gitde9d1ba.el6.i686
SDL-1.2.14-3.el6.i686
nspr-4.9.1-2.el6_3.i686
pulseaudio-gdm-hooks-0.9.21-13.el6.i686
plymouth-graphics-libs-0.8.3-24.sl6.i686
nss-3.13.5-1.el6_3.i686
OpenEXR-libs-1.6.1-8.1.el6.i686
usbmuxd-1.0.2-1.el6.i686
guake-0.4.4-4.el6.i686
jre-1.7.0_06-fcs.i586
rarian-compat-0.8.1-5.1.el6.i686
vpnc-consoleuser-0.5.3-4.el6.i686
dbus-1.2.24-7.el6_3.i686
libreport-plugin-reportuploader-2.0.9-5.el6.i686
bash-4.1.2-9.el6_2.i686
iwl6000g2a-firmware-17.168.5.3-1.el6.noarch
isomd5sum-1.0.6-1.el6.i686
ImageMagick-6.5.4.7-6.el6_2.i686
libpng-1.2.49-1.el6_2.i686
libuuid-2.17.2-12.7.el6.i686
xorg-x11-fonts-ISO8859-1-100dpi-7.2-9.1.el6.noarch
pth-2.0.7-9.3.el6.i686
gc-7.1-10.el6.i686
perl-5.10.1-127.el6.i686
lohit-bengali-fonts-2.4.3-6.el6.noarch
libaio-0.3.107-10.el6.i686
openal-soft-1.12.854-1.el6.i686
fuse-sshfs-2.4-1.el6.i686
control-center-filesystem-2.28.1-37.el6.i686
libgnomeui-2.24.1-4.el6.i686
kurdit-unikurd-web-fonts-20020502-6.el6.noarch
tzdata-2012f-1.el6.noarch
xorg-x11-drv-ati-6.14.2-9.el6.i686
system-config-keyboard-base-1.3.1-4.el6.i686
cronie-anacron-1.4.4-7.el6.i686
tmpwatch-2.9.16-4.el6.i686
